  [1m[36m (456.2ms)[0m  [1mCREATE DATABASE "yelpmarch_development" ENCODING = 'unicode'[0m
  [1m[36m (24.3ms)[0m  [1mCREATE TABLE "schema_migrations" ("version" character varying(255) NOT NULL) [0m
  [1m[35m (3.8ms)[0m  CREATE UNIQUE INDEX  "unique_schema_migrations" ON "schema_migrations"  ("version")
  [1m[36mActiveRecord::SchemaMigration Load (0.3ms)[0m  [1mSELECT "schema_migrations".* FROM "schema_migrations"[0m


Started GET "/" for 127.0.0.1 at 2014-05-19 15:47:03 +0100
Processing by Rails::WelcomeController#index as HTML
  Rendered /Users/Happy/.rvm/gems/ruby-2.1.0/gems/railties-4.1.1/lib/rails/templates/rails/welcome/index.html.erb (1.7ms)
Completed 200 OK in 13ms (Views: 5.9ms | ActiveRecord: 0.0ms)


Started GET "/" for 127.0.0.1 at 2014-05-19 15:47:12 +0100
Processing by Rails::WelcomeController#index as HTML
  Rendered /Users/Happy/.rvm/gems/ruby-2.1.0/gems/railties-4.1.1/lib/rails/templates/rails/welcome/index.html.erb (0.0ms)
Completed 200 OK in 1ms (Views: 0.8ms | ActiveRecord: 0.0ms)


Started GET "/" for 127.0.0.1 at 2014-05-19 15:47:12 +0100
Processing by Rails::WelcomeController#index as HTML
  Rendered /Users/Happy/.rvm/gems/ruby-2.1.0/gems/railties-4.1.1/lib/rails/templates/rails/welcome/index.html.erb (0.0ms)
Completed 200 OK in 1ms (Views: 0.6ms | ActiveRecord: 0.0ms)


Started GET "/restraunts" for 127.0.0.1 at 2014-05-19 15:47:16 +0100

ActionController::RoutingError (No route matches [GET] "/restraunts"):
  actionpack (4.1.1) lib/action_dispatch/middleware/debug_exceptions.rb:21:in `call'
  actionpack (4.1.1) lib/action_dispatch/middleware/show_exceptions.rb:30:in `call'
  railties (4.1.1) lib/rails/rack/logger.rb:38:in `call_app'
  railties (4.1.1) lib/rails/rack/logger.rb:20:in `block in call'
  activesupport (4.1.1) lib/active_support/tagged_logging.rb:68:in `block in tagged'
  activesupport (4.1.1) lib/active_support/tagged_logging.rb:26:in `tagged'
  activesupport (4.1.1) lib/active_support/tagged_logging.rb:68:in `tagged'
  railties (4.1.1) lib/rails/rack/logger.rb:20:in `call'
  actionpack (4.1.1) lib/action_dispatch/middleware/request_id.rb:21:in `call'
  rack (1.5.2) lib/rack/methodoverride.rb:21:in `call'
  rack (1.5.2) lib/rack/runtime.rb:17:in `call'
  activesupport (4.1.1) lib/active_support/cache/strategy/local_cache_middleware.rb:26:in `call'
  rack (1.5.2) lib/rack/lock.rb:17:in `call'
  actionpack (4.1.1) lib/action_dispatch/middleware/static.rb:64:in `call'
  rack (1.5.2) lib/rack/sendfile.rb:112:in `call'
  railties (4.1.1) lib/rails/engine.rb:514:in `call'
  railties (4.1.1) lib/rails/application.rb:144:in `call'
  rack (1.5.2) lib/rack/lock.rb:17:in `call'
  rack (1.5.2) lib/rack/content_length.rb:14:in `call'
  rack (1.5.2) lib/rack/handler/webrick.rb:60:in `service'
  /Users/Happy/.rvm/rubies/ruby-2.1.0/lib/ruby/2.1.0/webrick/httpserver.rb:138:in `service'
  /Users/Happy/.rvm/rubies/ruby-2.1.0/lib/ruby/2.1.0/webrick/httpserver.rb:94:in `run'
  /Users/Happy/.rvm/rubies/ruby-2.1.0/lib/ruby/2.1.0/webrick/server.rb:295:in `block in start_thread'


  Rendered /Users/Happy/.rvm/gems/ruby-2.1.0/gems/actionpack-4.1.1/lib/action_dispatch/middleware/templates/rescues/_trace.html.erb (2.1ms)
  Rendered /Users/Happy/.rvm/gems/ruby-2.1.0/gems/actionpack-4.1.1/lib/action_dispatch/middleware/templates/routes/_route.html.erb (1.2ms)
  Rendered /Users/Happy/.rvm/gems/ruby-2.1.0/gems/actionpack-4.1.1/lib/action_dispatch/middleware/templates/routes/_table.html.erb (7.8ms)
  Rendered /Users/Happy/.rvm/gems/ruby-2.1.0/gems/actionpack-4.1.1/lib/action_dispatch/middleware/templates/rescues/routing_error.html.erb within rescues/layout (30.1ms)


Started GET "/restraunts" for 127.0.0.1 at 2014-05-19 15:47:51 +0100

ActionController::RoutingError (No route matches [GET] "/restraunts"):
  actionpack (4.1.1) lib/action_dispatch/middleware/debug_exceptions.rb:21:in `call'
  actionpack (4.1.1) lib/action_dispatch/middleware/show_exceptions.rb:30:in `call'
  railties (4.1.1) lib/rails/rack/logger.rb:38:in `call_app'
  railties (4.1.1) lib/rails/rack/logger.rb:20:in `block in call'
  activesupport (4.1.1) lib/active_support/tagged_logging.rb:68:in `block in tagged'
  activesupport (4.1.1) lib/active_support/tagged_logging.rb:26:in `tagged'
  activesupport (4.1.1) lib/active_support/tagged_logging.rb:68:in `tagged'
  railties (4.1.1) lib/rails/rack/logger.rb:20:in `call'
  actionpack (4.1.1) lib/action_dispatch/middleware/request_id.rb:21:in `call'
  rack (1.5.2) lib/rack/methodoverride.rb:21:in `call'
  rack (1.5.2) lib/rack/runtime.rb:17:in `call'
  activesupport (4.1.1) lib/active_support/cache/strategy/local_cache_middleware.rb:26:in `call'
  rack (1.5.2) lib/rack/lock.rb:17:in `call'
  actionpack (4.1.1) lib/action_dispatch/middleware/static.rb:64:in `call'
  rack (1.5.2) lib/rack/sendfile.rb:112:in `call'
  railties (4.1.1) lib/rails/engine.rb:514:in `call'
  railties (4.1.1) lib/rails/application.rb:144:in `call'
  rack (1.5.2) lib/rack/lock.rb:17:in `call'
  rack (1.5.2) lib/rack/content_length.rb:14:in `call'
  rack (1.5.2) lib/rack/handler/webrick.rb:60:in `service'
  /Users/Happy/.rvm/rubies/ruby-2.1.0/lib/ruby/2.1.0/webrick/httpserver.rb:138:in `service'
  /Users/Happy/.rvm/rubies/ruby-2.1.0/lib/ruby/2.1.0/webrick/httpserver.rb:94:in `run'
  /Users/Happy/.rvm/rubies/ruby-2.1.0/lib/ruby/2.1.0/webrick/server.rb:295:in `block in start_thread'


  Rendered /Users/Happy/.rvm/gems/ruby-2.1.0/gems/actionpack-4.1.1/lib/action_dispatch/middleware/templates/rescues/_trace.html.erb (0.9ms)
  Rendered /Users/Happy/.rvm/gems/ruby-2.1.0/gems/actionpack-4.1.1/lib/action_dispatch/middleware/templates/routes/_route.html.erb (0.9ms)
  Rendered /Users/Happy/.rvm/gems/ruby-2.1.0/gems/actionpack-4.1.1/lib/action_dispatch/middleware/templates/routes/_table.html.erb (0.8ms)
  Rendered /Users/Happy/.rvm/gems/ruby-2.1.0/gems/actionpack-4.1.1/lib/action_dispatch/middleware/templates/rescues/routing_error.html.erb within rescues/layout (13.5ms)


Started GET "/restraunts" for 127.0.0.1 at 2014-05-19 15:47:53 +0100

ActionController::RoutingError (No route matches [GET] "/restraunts"):
  actionpack (4.1.1) lib/action_dispatch/middleware/debug_exceptions.rb:21:in `call'
  actionpack (4.1.1) lib/action_dispatch/middleware/show_exceptions.rb:30:in `call'
  railties (4.1.1) lib/rails/rack/logger.rb:38:in `call_app'
  railties (4.1.1) lib/rails/rack/logger.rb:20:in `block in call'
  activesupport (4.1.1) lib/active_support/tagged_logging.rb:68:in `block in tagged'
  activesupport (4.1.1) lib/active_support/tagged_logging.rb:26:in `tagged'
  activesupport (4.1.1) lib/active_support/tagged_logging.rb:68:in `tagged'
  railties (4.1.1) lib/rails/rack/logger.rb:20:in `call'
  actionpack (4.1.1) lib/action_dispatch/middleware/request_id.rb:21:in `call'
  rack (1.5.2) lib/rack/methodoverride.rb:21:in `call'
  rack (1.5.2) lib/rack/runtime.rb:17:in `call'
  activesupport (4.1.1) lib/active_support/cache/strategy/local_cache_middleware.rb:26:in `call'
  rack (1.5.2) lib/rack/lock.rb:17:in `call'
  actionpack (4.1.1) lib/action_dispatch/middleware/static.rb:64:in `call'
  rack (1.5.2) lib/rack/sendfile.rb:112:in `call'
  railties (4.1.1) lib/rails/engine.rb:514:in `call'
  railties (4.1.1) lib/rails/application.rb:144:in `call'
  rack (1.5.2) lib/rack/lock.rb:17:in `call'
  rack (1.5.2) lib/rack/content_length.rb:14:in `call'
  rack (1.5.2) lib/rack/handler/webrick.rb:60:in `service'
  /Users/Happy/.rvm/rubies/ruby-2.1.0/lib/ruby/2.1.0/webrick/httpserver.rb:138:in `service'
  /Users/Happy/.rvm/rubies/ruby-2.1.0/lib/ruby/2.1.0/webrick/httpserver.rb:94:in `run'
  /Users/Happy/.rvm/rubies/ruby-2.1.0/lib/ruby/2.1.0/webrick/server.rb:295:in `block in start_thread'


  Rendered /Users/Happy/.rvm/gems/ruby-2.1.0/gems/actionpack-4.1.1/lib/action_dispatch/middleware/templates/rescues/_trace.html.erb (1.0ms)
  Rendered /Users/Happy/.rvm/gems/ruby-2.1.0/gems/actionpack-4.1.1/lib/action_dispatch/middleware/templates/routes/_route.html.erb (1.0ms)
  Rendered /Users/Happy/.rvm/gems/ruby-2.1.0/gems/actionpack-4.1.1/lib/action_dispatch/middleware/templates/routes/_table.html.erb (0.8ms)
  Rendered /Users/Happy/.rvm/gems/ruby-2.1.0/gems/actionpack-4.1.1/lib/action_dispatch/middleware/templates/rescues/routing_error.html.erb within rescues/layout (13.7ms)


Started GET "/restaurants" for 127.0.0.1 at 2014-05-19 15:48:06 +0100
Processing by RestaurantsController#index as HTML
Completed 500 Internal Server Error in 1ms

RuntimeError (hello):
  app/controllers/restaurants_controller.rb:4:in `index'


  Rendered /Users/Happy/.rvm/gems/ruby-2.1.0/gems/actionpack-4.1.1/lib/action_dispatch/middleware/templates/rescues/_source.erb (0.7ms)
  Rendered /Users/Happy/.rvm/gems/ruby-2.1.0/gems/actionpack-4.1.1/lib/action_dispatch/middleware/templates/rescues/_trace.html.erb (0.9ms)
  Rendered /Users/Happy/.rvm/gems/ruby-2.1.0/gems/actionpack-4.1.1/lib/action_dispatch/middleware/templates/rescues/_request_and_response.html.erb (1.1ms)
  Rendered /Users/Happy/.rvm/gems/ruby-2.1.0/gems/actionpack-4.1.1/lib/action_dispatch/middleware/templates/rescues/diagnostics.erb within rescues/layout (15.1ms)
  [1m[36m (346.1ms)[0m  [1mDROP DATABASE IF EXISTS "yelpmarch_development"[0m
  [1m[36m (0.2ms)[0m  [1mDROP DATABASE IF EXISTS "yelpmarch_development"[0m
  [1m[36m (244.8ms)[0m  [1mCREATE DATABASE "yelpmarch_development" ENCODING = 'unicode'[0m
  [1m[36m (1.9ms)[0m  [1mCREATE TABLE "schema_migrations" ("version" character varying(255) NOT NULL) [0m
  [1m[35m (1.1ms)[0m  CREATE UNIQUE INDEX  "unique_schema_migrations" ON "schema_migrations"  ("version")
  [1m[36mActiveRecord::SchemaMigration Load (0.2ms)[0m  [1mSELECT "schema_migrations".* FROM "schema_migrations"[0m
Migrating to CreateRestaurants (20140519153851)
  [1m[35m (0.1ms)[0m  BEGIN
  [1m[36m (2.9ms)[0m  [1mCREATE TABLE "restaurants" ("id" serial primary key, "name" character varying(255), "address" text, "created_at" timestamp, "updated_at" timestamp) [0m
  [1m[35mSQL (0.3ms)[0m  INSERT INTO "schema_migrations" ("version") VALUES ($1)  [["version", "20140519153851"]]
  [1m[36m (0.4ms)[0m  [1mCOMMIT[0m
  [1m[35mActiveRecord::SchemaMigration Load (0.2ms)[0m  SELECT "schema_migrations".* FROM "schema_migrations"
  [1m[36mActiveRecord::SchemaMigration Load (0.3ms)[0m  [1mSELECT "schema_migrations".* FROM "schema_migrations"[0m
Migrating to AddCuisineToRestaurants (20140520110601)
  [1m[35m (0.1ms)[0m  BEGIN
  [1m[36m (20.2ms)[0m  [1mALTER TABLE "restaurants" ADD COLUMN "Cuisine" character varying(255)[0m
  [1m[35mSQL (0.2ms)[0m  INSERT INTO "schema_migrations" ("version") VALUES ($1)  [["version", "20140520110601"]]
  [1m[36m (0.4ms)[0m  [1mCOMMIT[0m
  [1m[35mActiveRecord::SchemaMigration Load (0.1ms)[0m  SELECT "schema_migrations".* FROM "schema_migrations"
  [1m[36mActiveRecord::SchemaMigration Load (0.4ms)[0m  [1mSELECT "schema_migrations".* FROM "schema_migrations"[0m
  [1m[35mActiveRecord::SchemaMigration Load (0.1ms)[0m  SELECT "schema_migrations".* FROM "schema_migrations"
  [1m[36mActiveRecord::SchemaMigration Load (0.2ms)[0m  [1mSELECT "schema_migrations".* FROM "schema_migrations"[0m
  [1m[35mActiveRecord::SchemaMigration Load (0.1ms)[0m  SELECT "schema_migrations".* FROM "schema_migrations"
  [1m[36mActiveRecord::SchemaMigration Load (0.3ms)[0m  [1mSELECT "schema_migrations".* FROM "schema_migrations"[0m
  [1m[35mActiveRecord::SchemaMigration Load (0.2ms)[0m  SELECT "schema_migrations".* FROM "schema_migrations"
  [1m[36mActiveRecord::SchemaMigration Load (0.2ms)[0m  [1mSELECT "schema_migrations".* FROM "schema_migrations"[0m
  [1m[35mActiveRecord::SchemaMigration Load (0.1ms)[0m  SELECT "schema_migrations".* FROM "schema_migrations"
  [1m[36m (0.4ms)[0m  [1mCREATE DATABASE "yelpmarch_development" ENCODING = 'unicode'[0m
PG::DuplicateDatabase: ERROR:  database "yelpmarch_development" already exists
: CREATE DATABASE "yelpmarch_development" ENCODING = 'unicode'
  [1m[36mActiveRecord::SchemaMigration Load (0.2ms)[0m  [1mSELECT "schema_migrations".* FROM "schema_migrations"[0m
  [1m[35mActiveRecord::SchemaMigration Load (0.1ms)[0m  SELECT "schema_migrations".* FROM "schema_migrations"
  [1m[36m (240.1ms)[0m  [1mDROP DATABASE IF EXISTS "yelpmarch_development"[0m
  [1m[36m (376.7ms)[0m  [1mCREATE DATABASE "yelpmarch_development" ENCODING = 'unicode'[0m
  [1m[36m (2.0ms)[0m  [1mCREATE TABLE "schema_migrations" ("version" character varying(255) NOT NULL) [0m
  [1m[35m (1.6ms)[0m  CREATE UNIQUE INDEX  "unique_schema_migrations" ON "schema_migrations"  ("version")
  [1m[36mActiveRecord::SchemaMigration Load (0.2ms)[0m  [1mSELECT "schema_migrations".* FROM "schema_migrations"[0m
Migrating to CreateRestaurants (20140519153851)
  [1m[35m (0.1ms)[0m  BEGIN
  [1m[36m (3.4ms)[0m  [1mCREATE TABLE "restaurants" ("id" serial primary key, "name" character varying(255), "address" text, "created_at" timestamp, "updated_at" timestamp) [0m
  [1m[35mSQL (0.3ms)[0m  INSERT INTO "schema_migrations" ("version") VALUES ($1)  [["version", "20140519153851"]]
  [1m[36m (0.4ms)[0m  [1mCOMMIT[0m
Migrating to AddCuisineToRestaurants (20140520110601)
  [1m[35m (0.1ms)[0m  BEGIN
  [1m[36m (0.3ms)[0m  [1mALTER TABLE "restaurants" ADD COLUMN "cuisine" character varying(255)[0m
  [1m[35mSQL (0.1ms)[0m  INSERT INTO "schema_migrations" ("version") VALUES ($1)  [["version", "20140520110601"]]
  [1m[36m (0.3ms)[0m  [1mCOMMIT[0m
  [1m[35mActiveRecord::SchemaMigration Load (0.1ms)[0m  SELECT "schema_migrations".* FROM "schema_migrations"


Started GET "/" for 127.0.0.1 at 2014-05-20 14:29:38 +0100
  [1m[36mActiveRecord::SchemaMigration Load (0.2ms)[0m  [1mSELECT "schema_migrations".* FROM "schema_migrations"[0m
Processing by Rails::WelcomeController#index as HTML
  Rendered /Users/Happy/.rvm/gems/ruby-2.1.0/gems/railties-4.1.1/lib/rails/templates/rails/welcome/index.html.erb (1.2ms)
Completed 200 OK in 12ms (Views: 5.3ms | ActiveRecord: 0.0ms)


Started GET "/restaurants" for 127.0.0.1 at 2014-05-20 14:29:39 +0100
Processing by RestaurantsController#index as HTML
  [1m[35m (0.3ms)[0m  SELECT COUNT(*) FROM "restaurants"
  Rendered restaurants/index.html.erb within layouts/application (3.1ms)
Completed 200 OK in 619ms (Views: 615.7ms | ActiveRecord: 1.4ms)


Started GET "/assets/restaurants.css?body=1" for 127.0.0.1 at 2014-05-20 14:29:40 +0100


Started GET "/assets/application.css?body=1" for 127.0.0.1 at 2014-05-20 14:29:40 +0100


Started GET "/assets/jquery.js?body=1" for 127.0.0.1 at 2014-05-20 14:29:40 +0100


Started GET "/assets/jquery_ujs.js?body=1" for 127.0.0.1 at 2014-05-20 14:29:40 +0100


Started GET "/assets/restaurants.js?body=1" for 127.0.0.1 at 2014-05-20 14:29:40 +0100


Started GET "/assets/application.js?body=1" for 127.0.0.1 at 2014-05-20 14:29:40 +0100


Started GET "/assets/turbolinks.js?body=1" for 127.0.0.1 at 2014-05-20 14:29:40 +0100


Started GET "/restaurants/new" for 127.0.0.1 at 2014-05-20 14:29:45 +0100
Processing by RestaurantsController#new as HTML
  Rendered restaurants/_form.html.erb (14.3ms)
  Rendered restaurants/new.html.erb within layouts/application (16.7ms)
Completed 200 OK in 21ms (Views: 19.8ms | ActiveRecord: 0.0ms)


Started POST "/restaurants" for 127.0.0.1 at 2014-05-20 14:30:02 +0100
Processing by RestaurantsController#create as HTML
  Parameters: {"utf8"=>"✓", "authenticity_token"=>"wN2Bt7MMUKj3pW23wFTN2QME0KrsWYjs5h6jFG0Kmxc=", "restaurant"=>{"name"=>"Nandos", "address"=>"25 City Road London", "cuisine"=>"Peri Peri"}, "commit"=>"Create Restaurant"}
Completed 500 Internal Server Error in 1ms

NoMethodError (undefined method `save' for nil:NilClass):
  app/controllers/restaurants_controller.rb:14:in `create'


  Rendered /Users/Happy/.rvm/gems/ruby-2.1.0/gems/actionpack-4.1.1/lib/action_dispatch/middleware/templates/rescues/_source.erb (0.5ms)
  Rendered /Users/Happy/.rvm/gems/ruby-2.1.0/gems/actionpack-4.1.1/lib/action_dispatch/middleware/templates/rescues/_trace.html.erb (1.2ms)
  Rendered /Users/Happy/.rvm/gems/ruby-2.1.0/gems/actionpack-4.1.1/lib/action_dispatch/middleware/templates/rescues/_request_and_response.html.erb (1.0ms)
  Rendered /Users/Happy/.rvm/gems/ruby-2.1.0/gems/actionpack-4.1.1/lib/action_dispatch/middleware/templates/rescues/diagnostics.erb within rescues/layout (14.6ms)


Started GET "/" for 127.0.0.1 at 2014-05-20 17:42:51 +0100
  [1m[36mActiveRecord::SchemaMigration Load (2.2ms)[0m  [1mSELECT "schema_migrations".* FROM "schema_migrations"[0m
Processing by Rails::WelcomeController#index as HTML
  Rendered /Users/Happy/.rvm/gems/ruby-2.1.0/gems/railties-4.1.1/lib/rails/templates/rails/welcome/index.html.erb (1.5ms)
Completed 200 OK in 12ms (Views: 5.7ms | ActiveRecord: 0.0ms)


Started GET "/restaurants" for 127.0.0.1 at 2014-05-20 17:42:52 +0100
Processing by RestaurantsController#index as HTML
  [1m[35m (0.9ms)[0m  SELECT COUNT(*) FROM "restaurants"
  Rendered restaurants/index.html.erb within layouts/application (7.3ms)
Completed 200 OK in 45ms (Views: 38.7ms | ActiveRecord: 4.9ms)


Started GET "/assets/restaurants.css?body=1" for 127.0.0.1 at 2014-05-20 17:42:52 +0100


Started GET "/assets/application.css?body=1" for 127.0.0.1 at 2014-05-20 17:42:52 +0100


Started GET "/assets/restaurants.js?body=1" for 127.0.0.1 at 2014-05-20 17:42:52 +0100


Started GET "/assets/jquery_ujs.js?body=1" for 127.0.0.1 at 2014-05-20 17:42:52 +0100


Started GET "/assets/application.js?body=1" for 127.0.0.1 at 2014-05-20 17:42:52 +0100


Started GET "/assets/turbolinks.js?body=1" for 127.0.0.1 at 2014-05-20 17:42:52 +0100


Started GET "/assets/jquery.js?body=1" for 127.0.0.1 at 2014-05-20 17:42:52 +0100


Started GET "/restaurants/new" for 127.0.0.1 at 2014-05-20 17:42:56 +0100
Processing by RestaurantsController#new as HTML
  Rendered restaurants/_form.html.erb (13.3ms)
  Rendered restaurants/new.html.erb within layouts/application (15.7ms)
Completed 200 OK in 19ms (Views: 18.6ms | ActiveRecord: 0.0ms)


Started GET "/assets/restaurants.css?body=1" for 127.0.0.1 at 2014-05-20 17:42:56 +0100


Started GET "/assets/jquery_ujs.js?body=1" for 127.0.0.1 at 2014-05-20 17:42:56 +0100


Started GET "/assets/restaurants.js?body=1" for 127.0.0.1 at 2014-05-20 17:42:56 +0100


Started GET "/assets/application.css?body=1" for 127.0.0.1 at 2014-05-20 17:42:56 +0100


Started GET "/assets/jquery.js?body=1" for 127.0.0.1 at 2014-05-20 17:42:56 +0100


Started GET "/assets/turbolinks.js?body=1" for 127.0.0.1 at 2014-05-20 17:42:56 +0100


Started GET "/assets/application.js?body=1" for 127.0.0.1 at 2014-05-20 17:42:56 +0100


Started GET "/restaurants/mew" for 127.0.0.1 at 2014-05-20 17:42:57 +0100

AbstractController::ActionNotFound (The action 'show' could not be found for RestaurantsController):
  actionpack (4.1.1) lib/abstract_controller/base.rb:131:in `process'
  actionview (4.1.1) lib/action_view/rendering.rb:30:in `process'
  actionpack (4.1.1) lib/action_controller/metal.rb:195:in `dispatch'
  actionpack (4.1.1) lib/action_controller/metal/rack_delegation.rb:13:in `dispatch'
  actionpack (4.1.1) lib/action_controller/metal.rb:231:in `block in action'
  actionpack (4.1.1) lib/action_dispatch/routing/route_set.rb:80:in `call'
  actionpack (4.1.1) lib/action_dispatch/routing/route_set.rb:80:in `dispatch'
  actionpack (4.1.1) lib/action_dispatch/routing/route_set.rb:48:in `call'
  actionpack (4.1.1) lib/action_dispatch/journey/router.rb:71:in `block in call'
  actionpack (4.1.1) lib/action_dispatch/journey/router.rb:59:in `each'
  actionpack (4.1.1) lib/action_dispatch/journey/router.rb:59:in `call'
  actionpack (4.1.1) lib/action_dispatch/routing/route_set.rb:676:in `call'
  rack (1.5.2) lib/rack/etag.rb:23:in `call'
  rack (1.5.2) lib/rack/conditionalget.rb:25:in `call'
  rack (1.5.2) lib/rack/head.rb:11:in `call'
  actionpack (4.1.1) lib/action_dispatch/middleware/params_parser.rb:27:in `call'
  actionpack (4.1.1) lib/action_dispatch/middleware/flash.rb:254:in `call'
  rack (1.5.2) lib/rack/session/abstract/id.rb:225:in `context'
  rack (1.5.2) lib/rack/session/abstract/id.rb:220:in `call'
  actionpack (4.1.1) lib/action_dispatch/middleware/cookies.rb:560:in `call'
  activerecord (4.1.1) lib/active_record/query_cache.rb:36:in `call'
  activerecord (4.1.1) lib/active_record/connection_adapters/abstract/connection_pool.rb:621:in `call'
  activerecord (4.1.1) lib/active_record/migration.rb:380:in `call'
  actionpack (4.1.1) lib/action_dispatch/middleware/callbacks.rb:29:in `block in call'
  activesupport (4.1.1) lib/active_support/callbacks.rb:82:in `run_callbacks'
  actionpack (4.1.1) lib/action_dispatch/middleware/callbacks.rb:27:in `call'
  actionpack (4.1.1) lib/action_dispatch/middleware/reloader.rb:73:in `call'
  actionpack (4.1.1) lib/action_dispatch/middleware/remote_ip.rb:76:in `call'
  actionpack (4.1.1) lib/action_dispatch/middleware/debug_exceptions.rb:17:in `call'
  actionpack (4.1.1) lib/action_dispatch/middleware/show_exceptions.rb:30:in `call'
  railties (4.1.1) lib/rails/rack/logger.rb:38:in `call_app'
  railties (4.1.1) lib/rails/rack/logger.rb:20:in `block in call'
  activesupport (4.1.1) lib/active_support/tagged_logging.rb:68:in `block in tagged'
  activesupport (4.1.1) lib/active_support/tagged_logging.rb:26:in `tagged'
  activesupport (4.1.1) lib/active_support/tagged_logging.rb:68:in `tagged'
  railties (4.1.1) lib/rails/rack/logger.rb:20:in `call'
  actionpack (4.1.1) lib/action_dispatch/middleware/request_id.rb:21:in `call'
  rack (1.5.2) lib/rack/methodoverride.rb:21:in `call'
  rack (1.5.2) lib/rack/runtime.rb:17:in `call'
  activesupport (4.1.1) lib/active_support/cache/strategy/local_cache_middleware.rb:26:in `call'
  rack (1.5.2) lib/rack/lock.rb:17:in `call'
  actionpack (4.1.1) lib/action_dispatch/middleware/static.rb:64:in `call'
  rack (1.5.2) lib/rack/sendfile.rb:112:in `call'
  railties (4.1.1) lib/rails/engine.rb:514:in `call'
  railties (4.1.1) lib/rails/application.rb:144:in `call'
  rack (1.5.2) lib/rack/lock.rb:17:in `call'
  rack (1.5.2) lib/rack/content_length.rb:14:in `call'
  rack (1.5.2) lib/rack/handler/webrick.rb:60:in `service'
  /Users/Happy/.rvm/rubies/ruby-2.1.0/lib/ruby/2.1.0/webrick/httpserver.rb:138:in `service'
  /Users/Happy/.rvm/rubies/ruby-2.1.0/lib/ruby/2.1.0/webrick/httpserver.rb:94:in `run'
  /Users/Happy/.rvm/rubies/ruby-2.1.0/lib/ruby/2.1.0/webrick/server.rb:295:in `block in start_thread'


  Rendered /Users/Happy/.rvm/gems/ruby-2.1.0/gems/actionpack-4.1.1/lib/action_dispatch/middleware/templates/rescues/unknown_action.html.erb within rescues/layout (0.4ms)


Started GET "/restaurants/new" for 127.0.0.1 at 2014-05-20 17:43:00 +0100
Processing by RestaurantsController#new as HTML
  Rendered restaurants/_form.html.erb (1.7ms)
  Rendered restaurants/new.html.erb within layouts/application (2.2ms)
Completed 200 OK in 5ms (Views: 4.9ms | ActiveRecord: 0.0ms)


Started GET "/assets/restaurants.css?body=1" for 127.0.0.1 at 2014-05-20 17:43:00 +0100


Started GET "/assets/turbolinks.js?body=1" for 127.0.0.1 at 2014-05-20 17:43:00 +0100


Started GET "/assets/restaurants.js?body=1" for 127.0.0.1 at 2014-05-20 17:43:00 +0100


Started GET "/assets/jquery_ujs.js?body=1" for 127.0.0.1 at 2014-05-20 17:43:00 +0100


Started GET "/assets/application.css?body=1" for 127.0.0.1 at 2014-05-20 17:43:00 +0100


Started GET "/assets/jquery.js?body=1" for 127.0.0.1 at 2014-05-20 17:43:00 +0100


Started GET "/assets/application.js?body=1" for 127.0.0.1 at 2014-05-20 17:43:00 +0100


Started GET "/restaurants/new" for 127.0.0.1 at 2014-05-20 17:43:00 +0100
Processing by RestaurantsController#new as HTML
  Rendered restaurants/_form.html.erb (2.1ms)
  Rendered restaurants/new.html.erb within layouts/application (2.6ms)
Completed 200 OK in 6ms (Views: 5.7ms | ActiveRecord: 0.0ms)


Started GET "/assets/application.css?body=1" for 127.0.0.1 at 2014-05-20 17:43:00 +0100


Started GET "/assets/jquery.js?body=1" for 127.0.0.1 at 2014-05-20 17:43:00 +0100


Started GET "/assets/jquery_ujs.js?body=1" for 127.0.0.1 at 2014-05-20 17:43:00 +0100


Started GET "/assets/turbolinks.js?body=1" for 127.0.0.1 at 2014-05-20 17:43:00 +0100


Started GET "/assets/restaurants.js?body=1" for 127.0.0.1 at 2014-05-20 17:43:00 +0100


Started GET "/assets/application.js?body=1" for 127.0.0.1 at 2014-05-20 17:43:00 +0100


Started POST "/restaurants" for 127.0.0.1 at 2014-05-20 17:43:18 +0100
Processing by RestaurantsController#create as HTML
  Parameters: {"utf8"=>"✓", "authenticity_token"=>"ac2J64CPEOYaBxnICb4yek3aswxd4wS1fBiZvnWnITw=", "restaurant"=>{"name"=>"KFC", "address"=>"1 City Road London", "cuisine"=>"Kentucky Fried Chicken"}, "commit"=>"Create Restaurant"}
  [1m[36m (0.1ms)[0m  [1mBEGIN[0m
  [1m[35mSQL (4.8ms)[0m  INSERT INTO "restaurants" ("address", "created_at", "cuisine", "name", "updated_at") VALUES ($1, $2, $3, $4, $5) RETURNING "id"  [["address", "1 City Road London"], ["created_at", "2014-05-20 16:43:18.556972"], ["cuisine", "Kentucky Fried Chicken"], ["name", "KFC"], ["updated_at", "2014-05-20 16:43:18.556972"]]
  [1m[36m (0.3ms)[0m  [1mCOMMIT[0m
Redirected to http://0.0.0.0:3000/restaurants
Completed 302 Found in 12ms (ActiveRecord: 5.3ms)


Started GET "/restaurants" for 127.0.0.1 at 2014-05-20 17:43:18 +0100
Processing by RestaurantsController#index as HTML
  [1m[35m (0.3ms)[0m  SELECT COUNT(*) FROM "restaurants"
  [1m[36mRestaurant Load (0.1ms)[0m  [1mSELECT "restaurants".* FROM "restaurants"[0m
  Rendered restaurants/index.html.erb within layouts/application (1.4ms)
Completed 200 OK in 5ms (Views: 4.3ms | ActiveRecord: 0.4ms)


Started GET "/assets/application.css?body=1" for 127.0.0.1 at 2014-05-20 17:43:18 +0100


Started GET "/assets/jquery_ujs.js?body=1" for 127.0.0.1 at 2014-05-20 17:43:18 +0100


Started GET "/assets/jquery.js?body=1" for 127.0.0.1 at 2014-05-20 17:43:18 +0100


Started GET "/assets/turbolinks.js?body=1" for 127.0.0.1 at 2014-05-20 17:43:18 +0100


Started GET "/assets/application.js?body=1" for 127.0.0.1 at 2014-05-20 17:43:18 +0100


Started GET "/assets/restaurants.js?body=1" for 127.0.0.1 at 2014-05-20 17:43:18 +0100


Started GET "/restaurants/1/edit" for 127.0.0.1 at 2014-05-20 17:43:24 +0100
Processing by RestaurantsController#edit as HTML
  Parameters: {"id"=>"1"}
  [1m[35mRestaurant Load (0.3ms)[0m  SELECT  "restaurants".* FROM "restaurants"  WHERE "restaurants"."id" = $1 LIMIT 1  [["id", 1]]
  Rendered restaurants/_form.html.erb (3.0ms)
  Rendered restaurants/edit.html.erb within layouts/application (4.2ms)
Completed 200 OK in 12ms (Views: 8.7ms | ActiveRecord: 0.2ms)


Started PATCH "/restaurants/1" for 127.0.0.1 at 2014-05-20 17:43:39 +0100
Processing by RestaurantsController#update as HTML
  Parameters: {"utf8"=>"✓", "authenticity_token"=>"ac2J64CPEOYaBxnICb4yek3aswxd4wS1fBiZvnWnITw=", "restaurant"=>{"name"=>"Kentucky Fried Chicken", "address"=>"1 City Road London", "cuisine"=>"American"}, "commit"=>"Update Restaurant", "id"=>"1"}
  [1m[36mRestaurant Load (0.3ms)[0m  [1mSELECT  "restaurants".* FROM "restaurants"  WHERE "restaurants"."id" = $1 LIMIT 1[0m  [["id", 1]]
  [1m[35m (0.1ms)[0m  BEGIN
  [1m[36mSQL (0.2ms)[0m  [1mUPDATE "restaurants" SET "cuisine" = $1, "name" = $2, "updated_at" = $3 WHERE "restaurants"."id" = 1[0m  [["cuisine", "American"], ["name", "Kentucky Fried Chicken"], ["updated_at", "2014-05-20 16:43:39.801329"]]
  [1m[35m (1.3ms)[0m  COMMIT
Redirected to http://0.0.0.0:3000/restaurants
Completed 302 Found in 5ms (ActiveRecord: 2.0ms)


Started GET "/restaurants" for 127.0.0.1 at 2014-05-20 17:43:39 +0100
Processing by RestaurantsController#index as HTML
  [1m[36m (0.2ms)[0m  [1mSELECT COUNT(*) FROM "restaurants"[0m
  [1m[35mRestaurant Load (0.1ms)[0m  SELECT "restaurants".* FROM "restaurants"
  Rendered restaurants/index.html.erb within layouts/application (1.2ms)
Completed 200 OK in 5ms (Views: 3.9ms | ActiveRecord: 0.3ms)


Started GET "/assets/application.css?body=1" for 127.0.0.1 at 2014-05-20 17:43:39 +0100


Started GET "/assets/jquery.js?body=1" for 127.0.0.1 at 2014-05-20 17:43:39 +0100


Started GET "/assets/restaurants.js?body=1" for 127.0.0.1 at 2014-05-20 17:43:39 +0100


Started GET "/assets/application.js?body=1" for 127.0.0.1 at 2014-05-20 17:43:39 +0100


Started GET "/assets/turbolinks.js?body=1" for 127.0.0.1 at 2014-05-20 17:43:39 +0100


Started GET "/assets/jquery_ujs.js?body=1" for 127.0.0.1 at 2014-05-20 17:43:39 +0100


Started DELETE "/restaurants/1" for 127.0.0.1 at 2014-05-20 17:43:51 +0100
Processing by RestaurantsController#destroy as HTML
  Parameters: {"authenticity_token"=>"ac2J64CPEOYaBxnICb4yek3aswxd4wS1fBiZvnWnITw=", "id"=>"1"}
  [1m[36mRestaurant Load (0.2ms)[0m  [1mSELECT  "restaurants".* FROM "restaurants"  WHERE "restaurants"."id" = $1 LIMIT 1[0m  [["id", 1]]
  [1m[35m (0.1ms)[0m  BEGIN
  [1m[36mSQL (0.1ms)[0m  [1mDELETE FROM "restaurants" WHERE "restaurants"."id" = $1[0m  [["id", 1]]
  [1m[35m (6.0ms)[0m  COMMIT
Redirected to http://0.0.0.0:3000/restaurants
Completed 302 Found in 9ms (ActiveRecord: 6.5ms)


Started GET "/restaurants" for 127.0.0.1 at 2014-05-20 17:43:51 +0100
Processing by RestaurantsController#index as HTML
  [1m[36m (0.6ms)[0m  [1mSELECT COUNT(*) FROM "restaurants"[0m
  Rendered restaurants/index.html.erb within layouts/application (1.8ms)
Completed 200 OK in 7ms (Views: 5.5ms | ActiveRecord: 0.6ms)


Started GET "/assets/jquery.js?body=1" for 127.0.0.1 at 2014-05-20 17:43:51 +0100


Started GET "/assets/application.css?body=1" for 127.0.0.1 at 2014-05-20 17:43:51 +0100


Started GET "/assets/jquery_ujs.js?body=1" for 127.0.0.1 at 2014-05-20 17:43:51 +0100


Started GET "/assets/turbolinks.js?body=1" for 127.0.0.1 at 2014-05-20 17:43:51 +0100


Started GET "/assets/application.js?body=1" for 127.0.0.1 at 2014-05-20 17:43:51 +0100


Started GET "/assets/restaurants.js?body=1" for 127.0.0.1 at 2014-05-20 17:43:51 +0100


Started GET "/restaurants" for 127.0.0.1 at 2014-05-20 17:44:05 +0100
Processing by RestaurantsController#index as HTML
  [1m[35m (0.3ms)[0m  SELECT COUNT(*) FROM "restaurants"
  Rendered restaurants/index.html.erb within layouts/application (1.4ms)
Completed 200 OK in 6ms (Views: 5.1ms | ActiveRecord: 0.3ms)


Started GET "/restaurants/1" for 127.0.0.1 at 2014-05-20 17:44:07 +0100

AbstractController::ActionNotFound (The action 'show' could not be found for RestaurantsController):
  actionpack (4.1.1) lib/abstract_controller/base.rb:131:in `process'
  actionview (4.1.1) lib/action_view/rendering.rb:30:in `process'
  actionpack (4.1.1) lib/action_controller/metal.rb:195:in `dispatch'
  actionpack (4.1.1) lib/action_controller/metal/rack_delegation.rb:13:in `dispatch'
  actionpack (4.1.1) lib/action_controller/metal.rb:231:in `block in action'
  actionpack (4.1.1) lib/action_dispatch/routing/route_set.rb:80:in `call'
  actionpack (4.1.1) lib/action_dispatch/routing/route_set.rb:80:in `dispatch'
  actionpack (4.1.1) lib/action_dispatch/routing/route_set.rb:48:in `call'
  actionpack (4.1.1) lib/action_dispatch/journey/router.rb:71:in `block in call'
  actionpack (4.1.1) lib/action_dispatch/journey/router.rb:59:in `each'
  actionpack (4.1.1) lib/action_dispatch/journey/router.rb:59:in `call'
  actionpack (4.1.1) lib/action_dispatch/routing/route_set.rb:676:in `call'
  rack (1.5.2) lib/rack/etag.rb:23:in `call'
  rack (1.5.2) lib/rack/conditionalget.rb:25:in `call'
  rack (1.5.2) lib/rack/head.rb:11:in `call'
  actionpack (4.1.1) lib/action_dispatch/middleware/params_parser.rb:27:in `call'
  actionpack (4.1.1) lib/action_dispatch/middleware/flash.rb:254:in `call'
  rack (1.5.2) lib/rack/session/abstract/id.rb:225:in `context'
  rack (1.5.2) lib/rack/session/abstract/id.rb:220:in `call'
  actionpack (4.1.1) lib/action_dispatch/middleware/cookies.rb:560:in `call'
  activerecord (4.1.1) lib/active_record/query_cache.rb:36:in `call'
  activerecord (4.1.1) lib/active_record/connection_adapters/abstract/connection_pool.rb:621:in `call'
  activerecord (4.1.1) lib/active_record/migration.rb:380:in `call'
  actionpack (4.1.1) lib/action_dispatch/middleware/callbacks.rb:29:in `block in call'
  activesupport (4.1.1) lib/active_support/callbacks.rb:82:in `run_callbacks'
  actionpack (4.1.1) lib/action_dispatch/middleware/callbacks.rb:27:in `call'
  actionpack (4.1.1) lib/action_dispatch/middleware/reloader.rb:73:in `call'
  actionpack (4.1.1) lib/action_dispatch/middleware/remote_ip.rb:76:in `call'
  actionpack (4.1.1) lib/action_dispatch/middleware/debug_exceptions.rb:17:in `call'
  actionpack (4.1.1) lib/action_dispatch/middleware/show_exceptions.rb:30:in `call'
  railties (4.1.1) lib/rails/rack/logger.rb:38:in `call_app'
  railties (4.1.1) lib/rails/rack/logger.rb:20:in `block in call'
  activesupport (4.1.1) lib/active_support/tagged_logging.rb:68:in `block in tagged'
  activesupport (4.1.1) lib/active_support/tagged_logging.rb:26:in `tagged'
  activesupport (4.1.1) lib/active_support/tagged_logging.rb:68:in `tagged'
  railties (4.1.1) lib/rails/rack/logger.rb:20:in `call'
  actionpack (4.1.1) lib/action_dispatch/middleware/request_id.rb:21:in `call'
  rack (1.5.2) lib/rack/methodoverride.rb:21:in `call'
  rack (1.5.2) lib/rack/runtime.rb:17:in `call'
  activesupport (4.1.1) lib/active_support/cache/strategy/local_cache_middleware.rb:26:in `call'
  rack (1.5.2) lib/rack/lock.rb:17:in `call'
  actionpack (4.1.1) lib/action_dispatch/middleware/static.rb:64:in `call'
  rack (1.5.2) lib/rack/sendfile.rb:112:in `call'
  railties (4.1.1) lib/rails/engine.rb:514:in `call'
  railties (4.1.1) lib/rails/application.rb:144:in `call'
  rack (1.5.2) lib/rack/lock.rb:17:in `call'
  rack (1.5.2) lib/rack/content_length.rb:14:in `call'
  rack (1.5.2) lib/rack/handler/webrick.rb:60:in `service'
  /Users/Happy/.rvm/rubies/ruby-2.1.0/lib/ruby/2.1.0/webrick/httpserver.rb:138:in `service'
  /Users/Happy/.rvm/rubies/ruby-2.1.0/lib/ruby/2.1.0/webrick/httpserver.rb:94:in `run'
  /Users/Happy/.rvm/rubies/ruby-2.1.0/lib/ruby/2.1.0/webrick/server.rb:295:in `block in start_thread'


  Rendered /Users/Happy/.rvm/gems/ruby-2.1.0/gems/actionpack-4.1.1/lib/action_dispatch/middleware/templates/rescues/unknown_action.html.erb within rescues/layout (0.4ms)


Started GET "/restaurants/new" for 127.0.0.1 at 2014-05-20 17:44:08 +0100
Processing by RestaurantsController#new as HTML
  Rendered restaurants/_form.html.erb (1.9ms)
  Rendered restaurants/new.html.erb within layouts/application (2.3ms)
Completed 200 OK in 6ms (Views: 5.3ms | ActiveRecord: 0.0ms)


Started GET "/assets/restaurants.css?body=1" for 127.0.0.1 at 2014-05-20 17:44:08 +0100


Started GET "/assets/application.css?body=1" for 127.0.0.1 at 2014-05-20 17:44:08 +0100


Started GET "/assets/restaurants.js?body=1" for 127.0.0.1 at 2014-05-20 17:44:08 +0100


Started GET "/assets/turbolinks.js?body=1" for 127.0.0.1 at 2014-05-20 17:44:08 +0100


Started GET "/assets/jquery.js?body=1" for 127.0.0.1 at 2014-05-20 17:44:08 +0100


Started GET "/assets/application.js?body=1" for 127.0.0.1 at 2014-05-20 17:44:08 +0100


Started GET "/assets/jquery_ujs.js?body=1" for 127.0.0.1 at 2014-05-20 17:44:08 +0100


Started POST "/restaurants" for 127.0.0.1 at 2014-05-20 17:44:18 +0100
Processing by RestaurantsController#create as HTML
  Parameters: {"utf8"=>"✓", "authenticity_token"=>"ac2J64CPEOYaBxnICb4yek3aswxd4wS1fBiZvnWnITw=", "restaurant"=>{"name"=>"KFC", "address"=>"1 city road london", "cuisine"=>"chicken"}, "commit"=>"Create Restaurant"}
  [1m[36m (0.1ms)[0m  [1mBEGIN[0m
  [1m[35mSQL (0.2ms)[0m  INSERT INTO "restaurants" ("address", "created_at", "cuisine", "name", "updated_at") VALUES ($1, $2, $3, $4, $5) RETURNING "id"  [["address", "1 city road london"], ["created_at", "2014-05-20 16:44:18.129441"], ["cuisine", "chicken"], ["name", "KFC"], ["updated_at", "2014-05-20 16:44:18.129441"]]
  [1m[36m (1.4ms)[0m  [1mCOMMIT[0m
Redirected to http://0.0.0.0:3000/restaurants
Completed 302 Found in 4ms (ActiveRecord: 1.8ms)


Started GET "/restaurants" for 127.0.0.1 at 2014-05-20 17:44:18 +0100
Processing by RestaurantsController#index as HTML
  [1m[35m (0.2ms)[0m  SELECT COUNT(*) FROM "restaurants"
  [1m[36mRestaurant Load (0.1ms)[0m  [1mSELECT "restaurants".* FROM "restaurants"[0m
  Rendered restaurants/index.html.erb within layouts/application (1.3ms)
Completed 200 OK in 5ms (Views: 4.0ms | ActiveRecord: 0.4ms)


Started GET "/assets/jquery.js?body=1" for 127.0.0.1 at 2014-05-20 17:44:18 +0100


Started GET "/assets/restaurants.js?body=1" for 127.0.0.1 at 2014-05-20 17:44:18 +0100


Started GET "/assets/application.css?body=1" for 127.0.0.1 at 2014-05-20 17:44:18 +0100


Started GET "/assets/turbolinks.js?body=1" for 127.0.0.1 at 2014-05-20 17:44:18 +0100


Started GET "/assets/application.js?body=1" for 127.0.0.1 at 2014-05-20 17:44:18 +0100


Started GET "/assets/jquery_ujs.js?body=1" for 127.0.0.1 at 2014-05-20 17:44:18 +0100


Started DELETE "/restaurants/2" for 127.0.0.1 at 2014-05-20 17:48:46 +0100
Processing by RestaurantsController#destroy as HTML
  Parameters: {"authenticity_token"=>"ac2J64CPEOYaBxnICb4yek3aswxd4wS1fBiZvnWnITw=", "id"=>"2"}
  [1m[35mRestaurant Load (0.2ms)[0m  SELECT  "restaurants".* FROM "restaurants"  WHERE "restaurants"."id" = $1 LIMIT 1  [["id", 2]]
  [1m[36m (0.1ms)[0m  [1mBEGIN[0m
  [1m[35mSQL (0.2ms)[0m  DELETE FROM "restaurants" WHERE "restaurants"."id" = $1  [["id", 2]]
  [1m[36m (2.1ms)[0m  [1mCOMMIT[0m
Redirected to http://0.0.0.0:3000/restaurants
Completed 302 Found in 4ms (ActiveRecord: 2.6ms)


Started GET "/restaurants" for 127.0.0.1 at 2014-05-20 17:48:46 +0100
Processing by RestaurantsController#index as HTML
  [1m[35m (0.6ms)[0m  SELECT COUNT(*) FROM "restaurants"
  Rendered restaurants/index.html.erb within layouts/application (1.2ms)
Completed 200 OK in 6ms (Views: 5.3ms | ActiveRecord: 0.6ms)


Started GET "/assets/restaurants.js?body=1" for 127.0.0.1 at 2014-05-20 17:48:46 +0100


Started GET "/assets/application.css?body=1" for 127.0.0.1 at 2014-05-20 17:48:46 +0100


Started GET "/assets/jquery_ujs.js?body=1" for 127.0.0.1 at 2014-05-20 17:48:46 +0100


Started GET "/assets/jquery.js?body=1" for 127.0.0.1 at 2014-05-20 17:48:46 +0100


Started GET "/assets/turbolinks.js?body=1" for 127.0.0.1 at 2014-05-20 17:48:46 +0100


Started GET "/assets/application.js?body=1" for 127.0.0.1 at 2014-05-20 17:48:46 +0100


Started GET "/restaurants/1" for 127.0.0.1 at 2014-05-20 17:48:48 +0100

AbstractController::ActionNotFound (The action 'show' could not be found for RestaurantsController):
  actionpack (4.1.1) lib/abstract_controller/base.rb:131:in `process'
  actionview (4.1.1) lib/action_view/rendering.rb:30:in `process'
  actionpack (4.1.1) lib/action_controller/metal.rb:195:in `dispatch'
  actionpack (4.1.1) lib/action_controller/metal/rack_delegation.rb:13:in `dispatch'
  actionpack (4.1.1) lib/action_controller/metal.rb:231:in `block in action'
  actionpack (4.1.1) lib/action_dispatch/routing/route_set.rb:80:in `call'
  actionpack (4.1.1) lib/action_dispatch/routing/route_set.rb:80:in `dispatch'
  actionpack (4.1.1) lib/action_dispatch/routing/route_set.rb:48:in `call'
  actionpack (4.1.1) lib/action_dispatch/journey/router.rb:71:in `block in call'
  actionpack (4.1.1) lib/action_dispatch/journey/router.rb:59:in `each'
  actionpack (4.1.1) lib/action_dispatch/journey/router.rb:59:in `call'
  actionpack (4.1.1) lib/action_dispatch/routing/route_set.rb:676:in `call'
  rack (1.5.2) lib/rack/etag.rb:23:in `call'
  rack (1.5.2) lib/rack/conditionalget.rb:25:in `call'
  rack (1.5.2) lib/rack/head.rb:11:in `call'
  actionpack (4.1.1) lib/action_dispatch/middleware/params_parser.rb:27:in `call'
  actionpack (4.1.1) lib/action_dispatch/middleware/flash.rb:254:in `call'
  rack (1.5.2) lib/rack/session/abstract/id.rb:225:in `context'
  rack (1.5.2) lib/rack/session/abstract/id.rb:220:in `call'
  actionpack (4.1.1) lib/action_dispatch/middleware/cookies.rb:560:in `call'
  activerecord (4.1.1) lib/active_record/query_cache.rb:36:in `call'
  activerecord (4.1.1) lib/active_record/connection_adapters/abstract/connection_pool.rb:621:in `call'
  activerecord (4.1.1) lib/active_record/migration.rb:380:in `call'
  actionpack (4.1.1) lib/action_dispatch/middleware/callbacks.rb:29:in `block in call'
  activesupport (4.1.1) lib/active_support/callbacks.rb:82:in `run_callbacks'
  actionpack (4.1.1) lib/action_dispatch/middleware/callbacks.rb:27:in `call'
  actionpack (4.1.1) lib/action_dispatch/middleware/reloader.rb:73:in `call'
  actionpack (4.1.1) lib/action_dispatch/middleware/remote_ip.rb:76:in `call'
  actionpack (4.1.1) lib/action_dispatch/middleware/debug_exceptions.rb:17:in `call'
  actionpack (4.1.1) lib/action_dispatch/middleware/show_exceptions.rb:30:in `call'
  railties (4.1.1) lib/rails/rack/logger.rb:38:in `call_app'
  railties (4.1.1) lib/rails/rack/logger.rb:20:in `block in call'
  activesupport (4.1.1) lib/active_support/tagged_logging.rb:68:in `block in tagged'
  activesupport (4.1.1) lib/active_support/tagged_logging.rb:26:in `tagged'
  activesupport (4.1.1) lib/active_support/tagged_logging.rb:68:in `tagged'
  railties (4.1.1) lib/rails/rack/logger.rb:20:in `call'
  actionpack (4.1.1) lib/action_dispatch/middleware/request_id.rb:21:in `call'
  rack (1.5.2) lib/rack/methodoverride.rb:21:in `call'
  rack (1.5.2) lib/rack/runtime.rb:17:in `call'
  activesupport (4.1.1) lib/active_support/cache/strategy/local_cache_middleware.rb:26:in `call'
  rack (1.5.2) lib/rack/lock.rb:17:in `call'
  actionpack (4.1.1) lib/action_dispatch/middleware/static.rb:64:in `call'
  rack (1.5.2) lib/rack/sendfile.rb:112:in `call'
  railties (4.1.1) lib/rails/engine.rb:514:in `call'
  railties (4.1.1) lib/rails/application.rb:144:in `call'
  rack (1.5.2) lib/rack/lock.rb:17:in `call'
  rack (1.5.2) lib/rack/content_length.rb:14:in `call'
  rack (1.5.2) lib/rack/handler/webrick.rb:60:in `service'
  /Users/Happy/.rvm/rubies/ruby-2.1.0/lib/ruby/2.1.0/webrick/httpserver.rb:138:in `service'
  /Users/Happy/.rvm/rubies/ruby-2.1.0/lib/ruby/2.1.0/webrick/httpserver.rb:94:in `run'
  /Users/Happy/.rvm/rubies/ruby-2.1.0/lib/ruby/2.1.0/webrick/server.rb:295:in `block in start_thread'


  Rendered /Users/Happy/.rvm/gems/ruby-2.1.0/gems/actionpack-4.1.1/lib/action_dispatch/middleware/templates/rescues/unknown_action.html.erb within rescues/layout (0.4ms)


Started GET "/restaurants/new" for 127.0.0.1 at 2014-05-20 17:48:48 +0100
Processing by RestaurantsController#new as HTML
  Rendered restaurants/_form.html.erb (21.4ms)
  Rendered restaurants/new.html.erb within layouts/application (21.9ms)
Completed 200 OK in 25ms (Views: 24.8ms | ActiveRecord: 0.0ms)


Started GET "/assets/restaurants.css?body=1" for 127.0.0.1 at 2014-05-20 17:48:48 +0100


Started GET "/assets/jquery_ujs.js?body=1" for 127.0.0.1 at 2014-05-20 17:48:48 +0100


Started GET "/assets/application.css?body=1" for 127.0.0.1 at 2014-05-20 17:48:48 +0100


Started GET "/assets/turbolinks.js?body=1" for 127.0.0.1 at 2014-05-20 17:48:48 +0100


Started GET "/assets/application.js?body=1" for 127.0.0.1 at 2014-05-20 17:48:48 +0100


Started GET "/assets/restaurants.js?body=1" for 127.0.0.1 at 2014-05-20 17:48:48 +0100


Started GET "/assets/jquery.js?body=1" for 127.0.0.1 at 2014-05-20 17:48:48 +0100


Started POST "/restaurants" for 127.0.0.1 at 2014-05-20 17:48:55 +0100
Processing by RestaurantsController#create as HTML
  Parameters: {"utf8"=>"✓", "authenticity_token"=>"ac2J64CPEOYaBxnICb4yek3aswxd4wS1fBiZvnWnITw=", "restaurant"=>{"name"=>"KFC", "address"=>"1 city road london", "cuisine"=>""}, "commit"=>"Create Restaurant"}
  [1m[36m (0.1ms)[0m  [1mBEGIN[0m
  [1m[35m (0.1ms)[0m  ROLLBACK
  Rendered restaurants/_form.html.erb (3.0ms)
  Rendered restaurants/new.html.erb within layouts/application (3.6ms)
Completed 200 OK in 9ms (Views: 7.2ms | ActiveRecord: 0.2ms)


Started GET "/assets/jquery.js?body=1" for 127.0.0.1 at 2014-05-20 17:48:55 +0100


Started GET "/assets/application.css?body=1" for 127.0.0.1 at 2014-05-20 17:48:55 +0100


Started GET "/assets/turbolinks.js?body=1" for 127.0.0.1 at 2014-05-20 17:48:55 +0100


Started GET "/assets/application.js?body=1" for 127.0.0.1 at 2014-05-20 17:48:55 +0100


Started GET "/assets/jquery_ujs.js?body=1" for 127.0.0.1 at 2014-05-20 17:48:55 +0100


Started GET "/assets/restaurants.js?body=1" for 127.0.0.1 at 2014-05-20 17:48:55 +0100
  [1m[36mActiveRecord::SchemaMigration Load (0.2ms)[0m  [1mSELECT "schema_migrations".* FROM "schema_migrations"[0m
Migrating to CreateReviews (20140520174326)
  [1m[35m (0.1ms)[0m  BEGIN
  [1m[36m (25.3ms)[0m  [1mCREATE TABLE "reviews" ("id" serial primary key, "thoughts" text, "rating" integer, "created_at" timestamp, "updated_at" timestamp) [0m
  [1m[35mSQL (0.6ms)[0m  INSERT INTO "schema_migrations" ("version") VALUES ($1)  [["version", "20140520174326"]]
  [1m[36m (0.6ms)[0m  [1mCOMMIT[0m
  [1m[35mActiveRecord::SchemaMigration Load (0.2ms)[0m  SELECT "schema_migrations".* FROM "schema_migrations"


Started GET "/" for 127.0.0.1 at 2014-05-20 19:13:41 +0100
  [1m[36mActiveRecord::SchemaMigration Load (0.3ms)[0m  [1mSELECT "schema_migrations".* FROM "schema_migrations"[0m
Processing by Rails::WelcomeController#index as HTML
  Rendered /Users/Happy/.rvm/gems/ruby-2.1.0/gems/railties-4.1.1/lib/rails/templates/rails/welcome/index.html.erb (1.1ms)
Completed 200 OK in 12ms (Views: 4.9ms | ActiveRecord: 0.0ms)


Started GET "/restaurants" for 127.0.0.1 at 2014-05-20 19:13:43 +0100
Processing by RestaurantsController#index as HTML
  [1m[35m (0.2ms)[0m  SELECT COUNT(*) FROM "restaurants"
  Rendered restaurants/index.html.erb within layouts/application (3.2ms)
Completed 200 OK in 32ms (Views: 27.2ms | ActiveRecord: 1.4ms)


Started GET "/assets/application.css?body=1" for 127.0.0.1 at 2014-05-20 19:13:43 +0100


Started GET "/assets/turbolinks.js?body=1" for 127.0.0.1 at 2014-05-20 19:13:43 +0100


Started GET "/assets/restaurants.css?body=1" for 127.0.0.1 at 2014-05-20 19:13:43 +0100


Started GET "/assets/jquery_ujs.js?body=1" for 127.0.0.1 at 2014-05-20 19:13:43 +0100


Started GET "/assets/application.js?body=1" for 127.0.0.1 at 2014-05-20 19:13:43 +0100


Started GET "/assets/restaurants.js?body=1" for 127.0.0.1 at 2014-05-20 19:13:43 +0100


Started GET "/assets/jquery.js?body=1" for 127.0.0.1 at 2014-05-20 19:13:43 +0100


Started GET "/restaurants/1" for 127.0.0.1 at 2014-05-20 19:13:46 +0100

AbstractController::ActionNotFound (The action 'show' could not be found for RestaurantsController):
  actionpack (4.1.1) lib/abstract_controller/base.rb:131:in `process'
  actionview (4.1.1) lib/action_view/rendering.rb:30:in `process'
  actionpack (4.1.1) lib/action_controller/metal.rb:195:in `dispatch'
  actionpack (4.1.1) lib/action_controller/metal/rack_delegation.rb:13:in `dispatch'
  actionpack (4.1.1) lib/action_controller/metal.rb:231:in `block in action'
  actionpack (4.1.1) lib/action_dispatch/routing/route_set.rb:80:in `call'
  actionpack (4.1.1) lib/action_dispatch/routing/route_set.rb:80:in `dispatch'
  actionpack (4.1.1) lib/action_dispatch/routing/route_set.rb:48:in `call'
  actionpack (4.1.1) lib/action_dispatch/journey/router.rb:71:in `block in call'
  actionpack (4.1.1) lib/action_dispatch/journey/router.rb:59:in `each'
  actionpack (4.1.1) lib/action_dispatch/journey/router.rb:59:in `call'
  actionpack (4.1.1) lib/action_dispatch/routing/route_set.rb:676:in `call'
  rack (1.5.2) lib/rack/etag.rb:23:in `call'
  rack (1.5.2) lib/rack/conditionalget.rb:25:in `call'
  rack (1.5.2) lib/rack/head.rb:11:in `call'
  actionpack (4.1.1) lib/action_dispatch/middleware/params_parser.rb:27:in `call'
  actionpack (4.1.1) lib/action_dispatch/middleware/flash.rb:254:in `call'
  rack (1.5.2) lib/rack/session/abstract/id.rb:225:in `context'
  rack (1.5.2) lib/rack/session/abstract/id.rb:220:in `call'
  actionpack (4.1.1) lib/action_dispatch/middleware/cookies.rb:560:in `call'
  activerecord (4.1.1) lib/active_record/query_cache.rb:36:in `call'
  activerecord (4.1.1) lib/active_record/connection_adapters/abstract/connection_pool.rb:621:in `call'
  activerecord (4.1.1) lib/active_record/migration.rb:380:in `call'
  actionpack (4.1.1) lib/action_dispatch/middleware/callbacks.rb:29:in `block in call'
  activesupport (4.1.1) lib/active_support/callbacks.rb:82:in `run_callbacks'
  actionpack (4.1.1) lib/action_dispatch/middleware/callbacks.rb:27:in `call'
  actionpack (4.1.1) lib/action_dispatch/middleware/reloader.rb:73:in `call'
  actionpack (4.1.1) lib/action_dispatch/middleware/remote_ip.rb:76:in `call'
  actionpack (4.1.1) lib/action_dispatch/middleware/debug_exceptions.rb:17:in `call'
  actionpack (4.1.1) lib/action_dispatch/middleware/show_exceptions.rb:30:in `call'
  railties (4.1.1) lib/rails/rack/logger.rb:38:in `call_app'
  railties (4.1.1) lib/rails/rack/logger.rb:20:in `block in call'
  activesupport (4.1.1) lib/active_support/tagged_logging.rb:68:in `block in tagged'
  activesupport (4.1.1) lib/active_support/tagged_logging.rb:26:in `tagged'
  activesupport (4.1.1) lib/active_support/tagged_logging.rb:68:in `tagged'
  railties (4.1.1) lib/rails/rack/logger.rb:20:in `call'
  actionpack (4.1.1) lib/action_dispatch/middleware/request_id.rb:21:in `call'
  rack (1.5.2) lib/rack/methodoverride.rb:21:in `call'
  rack (1.5.2) lib/rack/runtime.rb:17:in `call'
  activesupport (4.1.1) lib/active_support/cache/strategy/local_cache_middleware.rb:26:in `call'
  rack (1.5.2) lib/rack/lock.rb:17:in `call'
  actionpack (4.1.1) lib/action_dispatch/middleware/static.rb:64:in `call'
  rack (1.5.2) lib/rack/sendfile.rb:112:in `call'
  railties (4.1.1) lib/rails/engine.rb:514:in `call'
  railties (4.1.1) lib/rails/application.rb:144:in `call'
  rack (1.5.2) lib/rack/lock.rb:17:in `call'
  rack (1.5.2) lib/rack/content_length.rb:14:in `call'
  rack (1.5.2) lib/rack/handler/webrick.rb:60:in `service'
  /Users/Happy/.rvm/rubies/ruby-2.1.0/lib/ruby/2.1.0/webrick/httpserver.rb:138:in `service'
  /Users/Happy/.rvm/rubies/ruby-2.1.0/lib/ruby/2.1.0/webrick/httpserver.rb:94:in `run'
  /Users/Happy/.rvm/rubies/ruby-2.1.0/lib/ruby/2.1.0/webrick/server.rb:295:in `block in start_thread'


  Rendered /Users/Happy/.rvm/gems/ruby-2.1.0/gems/actionpack-4.1.1/lib/action_dispatch/middleware/templates/rescues/unknown_action.html.erb within rescues/layout (0.3ms)


Started GET "/restaurants/new" for 127.0.0.1 at 2014-05-20 19:13:48 +0100
Processing by RestaurantsController#new as HTML
  Rendered restaurants/_form.html.erb (14.5ms)
  Rendered restaurants/new.html.erb within layouts/application (16.8ms)
Completed 200 OK in 20ms (Views: 19.7ms | ActiveRecord: 0.0ms)


Started GET "/assets/application.css?body=1" for 127.0.0.1 at 2014-05-20 19:13:48 +0100


Started GET "/assets/restaurants.css?body=1" for 127.0.0.1 at 2014-05-20 19:13:48 +0100


Started GET "/assets/jquery.js?body=1" for 127.0.0.1 at 2014-05-20 19:13:48 +0100


Started GET "/assets/restaurants.js?body=1" for 127.0.0.1 at 2014-05-20 19:13:48 +0100


Started GET "/assets/jquery_ujs.js?body=1" for 127.0.0.1 at 2014-05-20 19:13:48 +0100


Started GET "/assets/application.js?body=1" for 127.0.0.1 at 2014-05-20 19:13:48 +0100


Started GET "/assets/turbolinks.js?body=1" for 127.0.0.1 at 2014-05-20 19:13:48 +0100


Started POST "/restaurants" for 127.0.0.1 at 2014-05-20 19:13:59 +0100
Processing by RestaurantsController#create as HTML
  Parameters: {"utf8"=>"✓", "authenticity_token"=>"ac2J64CPEOYaBxnICb4yek3aswxd4wS1fBiZvnWnITw=", "restaurant"=>{"name"=>"KFC", "address"=>"London 52", "cuisine"=>"Chicken"}, "commit"=>"Create Restaurant"}
  [1m[36m (0.2ms)[0m  [1mBEGIN[0m
  [1m[35mSQL (0.6ms)[0m  INSERT INTO "restaurants" ("address", "created_at", "cuisine", "name", "updated_at") VALUES ($1, $2, $3, $4, $5) RETURNING "id"  [["address", "London 52"], ["created_at", "2014-05-20 18:13:59.243899"], ["cuisine", "Chicken"], ["name", "KFC"], ["updated_at", "2014-05-20 18:13:59.243899"]]
  [1m[36m (1.7ms)[0m  [1mCOMMIT[0m
Redirected to http://0.0.0.0:3000/restaurants
Completed 302 Found in 9ms (ActiveRecord: 2.7ms)


Started GET "/restaurants" for 127.0.0.1 at 2014-05-20 19:13:59 +0100
Processing by RestaurantsController#index as HTML
  [1m[35m (0.3ms)[0m  SELECT COUNT(*) FROM "restaurants"
  [1m[36mRestaurant Load (0.2ms)[0m  [1mSELECT "restaurants".* FROM "restaurants"[0m
  Rendered restaurants/index.html.erb within layouts/application (1.9ms)
Completed 200 OK in 6ms (Views: 4.8ms | ActiveRecord: 0.4ms)


Started GET "/assets/application.css?body=1" for 127.0.0.1 at 2014-05-20 19:13:59 +0100


Started GET "/assets/jquery.js?body=1" for 127.0.0.1 at 2014-05-20 19:13:59 +0100


Started GET "/assets/restaurants.js?body=1" for 127.0.0.1 at 2014-05-20 19:13:59 +0100


Started GET "/assets/jquery_ujs.js?body=1" for 127.0.0.1 at 2014-05-20 19:13:59 +0100


Started GET "/assets/turbolinks.js?body=1" for 127.0.0.1 at 2014-05-20 19:13:59 +0100


Started GET "/assets/application.js?body=1" for 127.0.0.1 at 2014-05-20 19:13:59 +0100


Started GET "/restaurants/3/reviews/new" for 127.0.0.1 at 2014-05-20 19:14:03 +0100
Processing by ReviewsController#new as HTML
  Parameters: {"restaurant_id"=>"3"}
  [1m[35mRestaurant Load (0.2ms)[0m  SELECT  "restaurants".* FROM "restaurants"  WHERE "restaurants"."id" = $1 LIMIT 1  [["id", 3]]
  Rendered reviews/new.html.erb within layouts/application (26.7ms)
Completed 200 OK in 38ms (Views: 30.9ms | ActiveRecord: 1.5ms)


Started POST "/restaurants/3/reviews" for 127.0.0.1 at 2014-05-20 19:14:09 +0100
Processing by ReviewsController#create as HTML
  Parameters: {"utf8"=>"✓", "authenticity_token"=>"ac2J64CPEOYaBxnICb4yek3aswxd4wS1fBiZvnWnITw=", "review"=>{"thoughts"=>"It's alright...", "rating"=>"3"}, "commit"=>"Leave Review", "restaurant_id"=>"3"}
  [1m[36mRestaurant Load (0.3ms)[0m  [1mSELECT  "restaurants".* FROM "restaurants"  WHERE "restaurants"."id" = $1 LIMIT 1[0m  [["id", 3]]
Completed 500 Internal Server Error in 2ms

NoMethodError (undefined method `review' for #<Restaurant:0x007ff1b4acd0e8>):
  app/controllers/reviews_controller.rb:9:in `create'


  Rendered /Users/Happy/.rvm/gems/ruby-2.1.0/gems/actionpack-4.1.1/lib/action_dispatch/middleware/templates/rescues/_source.erb (0.8ms)
  Rendered /Users/Happy/.rvm/gems/ruby-2.1.0/gems/actionpack-4.1.1/lib/action_dispatch/middleware/templates/rescues/_trace.html.erb (1.2ms)
  Rendered /Users/Happy/.rvm/gems/ruby-2.1.0/gems/actionpack-4.1.1/lib/action_dispatch/middleware/templates/rescues/_request_and_response.html.erb (1.1ms)
  Rendered /Users/Happy/.rvm/gems/ruby-2.1.0/gems/actionpack-4.1.1/lib/action_dispatch/middleware/templates/rescues/diagnostics.erb within rescues/layout (20.3ms)
  [1m[36mActiveRecord::SchemaMigration Load (0.2ms)[0m  [1mSELECT "schema_migrations".* FROM "schema_migrations"[0m
Migrating to AddRestaurantIdToReviews (20140520182139)
  [1m[35m (0.1ms)[0m  BEGIN
  [1m[36m (2.4ms)[0m  [1mALTER TABLE "reviews" ADD COLUMN "restaurant_id" integer[0m
  [1m[35m (1.3ms)[0m  CREATE  INDEX  "index_reviews_on_restaurant_id" ON "reviews"  ("restaurant_id")
  [1m[36mSQL (0.2ms)[0m  [1mINSERT INTO "schema_migrations" ("version") VALUES ($1)[0m  [["version", "20140520182139"]]
  [1m[35m (0.5ms)[0m  COMMIT
  [1m[36mActiveRecord::SchemaMigration Load (0.1ms)[0m  [1mSELECT "schema_migrations".* FROM "schema_migrations"[0m


Started GET "/" for 127.0.0.1 at 2014-05-20 19:39:52 +0100
  [1m[36mActiveRecord::SchemaMigration Load (0.2ms)[0m  [1mSELECT "schema_migrations".* FROM "schema_migrations"[0m
Processing by Rails::WelcomeController#index as HTML
  Rendered /Users/Happy/.rvm/gems/ruby-2.1.0/gems/railties-4.1.1/lib/rails/templates/rails/welcome/index.html.erb (1.1ms)
Completed 200 OK in 11ms (Views: 4.6ms | ActiveRecord: 0.0ms)


Started GET "/restaurants" for 127.0.0.1 at 2014-05-20 19:39:54 +0100
Processing by RestaurantsController#index as HTML
  [1m[35m (0.3ms)[0m  SELECT COUNT(*) FROM "restaurants"
  [1m[36mRestaurant Load (0.1ms)[0m  [1mSELECT "restaurants".* FROM "restaurants"[0m
  [1m[35m (0.3ms)[0m  SELECT COUNT(*) FROM "reviews"  WHERE "reviews"."restaurant_id" = $1  [["restaurant_id", 3]]
  [1m[36mReview Load (0.2ms)[0m  [1mSELECT "reviews".* FROM "reviews"  WHERE "reviews"."restaurant_id" = $1[0m  [["restaurant_id", 3]]
  Rendered restaurants/index.html.erb within layouts/application (27.2ms)
Completed 200 OK in 54ms (Views: 46.3ms | ActiveRecord: 3.8ms)


Started GET "/assets/restaurants.css?body=1" for 127.0.0.1 at 2014-05-20 19:39:54 +0100


Started GET "/assets/jquery_ujs.js?body=1" for 127.0.0.1 at 2014-05-20 19:39:54 +0100


Started GET "/assets/application.css?body=1" for 127.0.0.1 at 2014-05-20 19:39:54 +0100


Started GET "/assets/turbolinks.js?body=1" for 127.0.0.1 at 2014-05-20 19:39:54 +0100


Started GET "/assets/application.js?body=1" for 127.0.0.1 at 2014-05-20 19:39:54 +0100


Started GET "/assets/jquery.js?body=1" for 127.0.0.1 at 2014-05-20 19:39:54 +0100


Started GET "/assets/restaurants.js?body=1" for 127.0.0.1 at 2014-05-20 19:39:54 +0100


Started DELETE "/restaurants/3" for 127.0.0.1 at 2014-05-20 19:40:02 +0100
Processing by RestaurantsController#destroy as HTML
  Parameters: {"authenticity_token"=>"ac2J64CPEOYaBxnICb4yek3aswxd4wS1fBiZvnWnITw=", "id"=>"3"}
  [1m[35mRestaurant Load (0.3ms)[0m  SELECT  "restaurants".* FROM "restaurants"  WHERE "restaurants"."id" = $1 LIMIT 1  [["id", 3]]
  [1m[36m (0.1ms)[0m  [1mBEGIN[0m
  [1m[35mSQL (0.2ms)[0m  DELETE FROM "restaurants" WHERE "restaurants"."id" = $1  [["id", 3]]
  [1m[36m (1.5ms)[0m  [1mCOMMIT[0m
Redirected to http://0.0.0.0:3000/restaurants
Completed 302 Found in 7ms (ActiveRecord: 2.0ms)


Started GET "/restaurants" for 127.0.0.1 at 2014-05-20 19:40:02 +0100
Processing by RestaurantsController#index as HTML
  [1m[35m (0.3ms)[0m  SELECT COUNT(*) FROM "restaurants"
  Rendered restaurants/index.html.erb within layouts/application (1.3ms)
Completed 200 OK in 5ms (Views: 4.4ms | ActiveRecord: 0.3ms)


Started GET "/assets/application.css?body=1" for 127.0.0.1 at 2014-05-20 19:40:02 +0100


Started GET "/assets/jquery.js?body=1" for 127.0.0.1 at 2014-05-20 19:40:02 +0100


Started GET "/assets/turbolinks.js?body=1" for 127.0.0.1 at 2014-05-20 19:40:02 +0100


Started GET "/assets/restaurants.js?body=1" for 127.0.0.1 at 2014-05-20 19:40:02 +0100


Started GET "/assets/jquery_ujs.js?body=1" for 127.0.0.1 at 2014-05-20 19:40:02 +0100


Started GET "/assets/application.js?body=1" for 127.0.0.1 at 2014-05-20 19:40:02 +0100


Started GET "/restaurants/1" for 127.0.0.1 at 2014-05-20 19:40:04 +0100

AbstractController::ActionNotFound (The action 'show' could not be found for RestaurantsController):
  actionpack (4.1.1) lib/abstract_controller/base.rb:131:in `process'
  actionview (4.1.1) lib/action_view/rendering.rb:30:in `process'
  actionpack (4.1.1) lib/action_controller/metal.rb:195:in `dispatch'
  actionpack (4.1.1) lib/action_controller/metal/rack_delegation.rb:13:in `dispatch'
  actionpack (4.1.1) lib/action_controller/metal.rb:231:in `block in action'
  actionpack (4.1.1) lib/action_dispatch/routing/route_set.rb:80:in `call'
  actionpack (4.1.1) lib/action_dispatch/routing/route_set.rb:80:in `dispatch'
  actionpack (4.1.1) lib/action_dispatch/routing/route_set.rb:48:in `call'
  actionpack (4.1.1) lib/action_dispatch/journey/router.rb:71:in `block in call'
  actionpack (4.1.1) lib/action_dispatch/journey/router.rb:59:in `each'
  actionpack (4.1.1) lib/action_dispatch/journey/router.rb:59:in `call'
  actionpack (4.1.1) lib/action_dispatch/routing/route_set.rb:676:in `call'
  rack (1.5.2) lib/rack/etag.rb:23:in `call'
  rack (1.5.2) lib/rack/conditionalget.rb:25:in `call'
  rack (1.5.2) lib/rack/head.rb:11:in `call'
  actionpack (4.1.1) lib/action_dispatch/middleware/params_parser.rb:27:in `call'
  actionpack (4.1.1) lib/action_dispatch/middleware/flash.rb:254:in `call'
  rack (1.5.2) lib/rack/session/abstract/id.rb:225:in `context'
  rack (1.5.2) lib/rack/session/abstract/id.rb:220:in `call'
  actionpack (4.1.1) lib/action_dispatch/middleware/cookies.rb:560:in `call'
  activerecord (4.1.1) lib/active_record/query_cache.rb:36:in `call'
  activerecord (4.1.1) lib/active_record/connection_adapters/abstract/connection_pool.rb:621:in `call'
  activerecord (4.1.1) lib/active_record/migration.rb:380:in `call'
  actionpack (4.1.1) lib/action_dispatch/middleware/callbacks.rb:29:in `block in call'
  activesupport (4.1.1) lib/active_support/callbacks.rb:82:in `run_callbacks'
  actionpack (4.1.1) lib/action_dispatch/middleware/callbacks.rb:27:in `call'
  actionpack (4.1.1) lib/action_dispatch/middleware/reloader.rb:73:in `call'
  actionpack (4.1.1) lib/action_dispatch/middleware/remote_ip.rb:76:in `call'
  actionpack (4.1.1) lib/action_dispatch/middleware/debug_exceptions.rb:17:in `call'
  actionpack (4.1.1) lib/action_dispatch/middleware/show_exceptions.rb:30:in `call'
  railties (4.1.1) lib/rails/rack/logger.rb:38:in `call_app'
  railties (4.1.1) lib/rails/rack/logger.rb:20:in `block in call'
  activesupport (4.1.1) lib/active_support/tagged_logging.rb:68:in `block in tagged'
  activesupport (4.1.1) lib/active_support/tagged_logging.rb:26:in `tagged'
  activesupport (4.1.1) lib/active_support/tagged_logging.rb:68:in `tagged'
  railties (4.1.1) lib/rails/rack/logger.rb:20:in `call'
  actionpack (4.1.1) lib/action_dispatch/middleware/request_id.rb:21:in `call'
  rack (1.5.2) lib/rack/methodoverride.rb:21:in `call'
  rack (1.5.2) lib/rack/runtime.rb:17:in `call'
  activesupport (4.1.1) lib/active_support/cache/strategy/local_cache_middleware.rb:26:in `call'
  rack (1.5.2) lib/rack/lock.rb:17:in `call'
  actionpack (4.1.1) lib/action_dispatch/middleware/static.rb:64:in `call'
  rack (1.5.2) lib/rack/sendfile.rb:112:in `call'
  railties (4.1.1) lib/rails/engine.rb:514:in `call'
  railties (4.1.1) lib/rails/application.rb:144:in `call'
  rack (1.5.2) lib/rack/lock.rb:17:in `call'
  rack (1.5.2) lib/rack/content_length.rb:14:in `call'
  rack (1.5.2) lib/rack/handler/webrick.rb:60:in `service'
  /Users/Happy/.rvm/rubies/ruby-2.1.0/lib/ruby/2.1.0/webrick/httpserver.rb:138:in `service'
  /Users/Happy/.rvm/rubies/ruby-2.1.0/lib/ruby/2.1.0/webrick/httpserver.rb:94:in `run'
  /Users/Happy/.rvm/rubies/ruby-2.1.0/lib/ruby/2.1.0/webrick/server.rb:295:in `block in start_thread'


  Rendered /Users/Happy/.rvm/gems/ruby-2.1.0/gems/actionpack-4.1.1/lib/action_dispatch/middleware/templates/rescues/unknown_action.html.erb within rescues/layout (0.3ms)


Started GET "/restaurants/new" for 127.0.0.1 at 2014-05-20 19:40:04 +0100
Processing by RestaurantsController#new as HTML
  Rendered restaurants/_form.html.erb (13.4ms)
  Rendered restaurants/new.html.erb within layouts/application (15.7ms)
Completed 200 OK in 19ms (Views: 18.6ms | ActiveRecord: 0.0ms)


Started GET "/assets/application.css?body=1" for 127.0.0.1 at 2014-05-20 19:40:04 +0100


Started GET "/assets/jquery_ujs.js?body=1" for 127.0.0.1 at 2014-05-20 19:40:04 +0100


Started GET "/assets/turbolinks.js?body=1" for 127.0.0.1 at 2014-05-20 19:40:04 +0100


Started GET "/assets/jquery.js?body=1" for 127.0.0.1 at 2014-05-20 19:40:04 +0100


Started GET "/assets/restaurants.css?body=1" for 127.0.0.1 at 2014-05-20 19:40:04 +0100


Started GET "/assets/restaurants.js?body=1" for 127.0.0.1 at 2014-05-20 19:40:04 +0100


Started GET "/assets/application.js?body=1" for 127.0.0.1 at 2014-05-20 19:40:04 +0100


Started POST "/restaurants" for 127.0.0.1 at 2014-05-20 19:40:16 +0100
Processing by RestaurantsController#create as HTML
  Parameters: {"utf8"=>"✓", "authenticity_token"=>"ac2J64CPEOYaBxnICb4yek3aswxd4wS1fBiZvnWnITw=", "restaurant"=>{"name"=>"Nandos", "address"=>"1 city road london", "cuisine"=>"chicken"}, "commit"=>"Create Restaurant"}
  [1m[36m (0.1ms)[0m  [1mBEGIN[0m
  [1m[35mSQL (0.7ms)[0m  INSERT INTO "restaurants" ("address", "created_at", "cuisine", "name", "updated_at") VALUES ($1, $2, $3, $4, $5) RETURNING "id"  [["address", "1 city road london"], ["created_at", "2014-05-20 18:40:16.973439"], ["cuisine", "chicken"], ["name", "Nandos"], ["updated_at", "2014-05-20 18:40:16.973439"]]
  [1m[36m (1.4ms)[0m  [1mCOMMIT[0m
Redirected to http://0.0.0.0:3000/restaurants
Completed 302 Found in 5ms (ActiveRecord: 2.2ms)


Started GET "/restaurants" for 127.0.0.1 at 2014-05-20 19:40:16 +0100
Processing by RestaurantsController#index as HTML
  [1m[35m (0.2ms)[0m  SELECT COUNT(*) FROM "restaurants"
  [1m[36mRestaurant Load (0.2ms)[0m  [1mSELECT "restaurants".* FROM "restaurants"[0m
  [1m[35m (0.2ms)[0m  SELECT COUNT(*) FROM "reviews"  WHERE "reviews"."restaurant_id" = $1  [["restaurant_id", 4]]
  [1m[36mReview Load (0.2ms)[0m  [1mSELECT "reviews".* FROM "reviews"  WHERE "reviews"."restaurant_id" = $1[0m  [["restaurant_id", 4]]
  Rendered restaurants/index.html.erb within layouts/application (3.5ms)
Completed 200 OK in 8ms (Views: 6.4ms | ActiveRecord: 0.8ms)


Started GET "/assets/application.css?body=1" for 127.0.0.1 at 2014-05-20 19:40:17 +0100


Started GET "/assets/jquery_ujs.js?body=1" for 127.0.0.1 at 2014-05-20 19:40:17 +0100


Started GET "/assets/application.js?body=1" for 127.0.0.1 at 2014-05-20 19:40:17 +0100


Started GET "/assets/restaurants.js?body=1" for 127.0.0.1 at 2014-05-20 19:40:17 +0100


Started GET "/assets/jquery.js?body=1" for 127.0.0.1 at 2014-05-20 19:40:17 +0100


Started GET "/assets/turbolinks.js?body=1" for 127.0.0.1 at 2014-05-20 19:40:17 +0100


Started GET "/restaurants/4/reviews/new" for 127.0.0.1 at 2014-05-20 19:40:19 +0100
Processing by ReviewsController#new as HTML
  Parameters: {"restaurant_id"=>"4"}
  [1m[35mRestaurant Load (0.3ms)[0m  SELECT  "restaurants".* FROM "restaurants"  WHERE "restaurants"."id" = $1 LIMIT 1  [["id", 4]]
  Rendered reviews/new.html.erb within layouts/application (7.6ms)
Completed 200 OK in 13ms (Views: 11.2ms | ActiveRecord: 0.3ms)


Started POST "/restaurants/4/reviews" for 127.0.0.1 at 2014-05-20 19:40:26 +0100
Processing by ReviewsController#create as HTML
  Parameters: {"utf8"=>"✓", "authenticity_token"=>"ac2J64CPEOYaBxnICb4yek3aswxd4wS1fBiZvnWnITw=", "review"=>{"thoughts"=>"It's alright!", "rating"=>"4"}, "commit"=>"Leave Review", "restaurant_id"=>"4"}
  [1m[36mRestaurant Load (0.3ms)[0m  [1mSELECT  "restaurants".* FROM "restaurants"  WHERE "restaurants"."id" = $1 LIMIT 1[0m  [["id", 4]]
  [1m[35m (0.1ms)[0m  BEGIN
  [1m[36mSQL (2.0ms)[0m  [1mINSERT INTO "reviews" ("created_at", "rating", "restaurant_id", "thoughts", "updated_at") VALUES ($1, $2, $3, $4, $5) RETURNING "id"[0m  [["created_at", "2014-05-20 18:40:26.874467"], ["rating", 4], ["restaurant_id", 4], ["thoughts", "It's alright!"], ["updated_at", "2014-05-20 18:40:26.874467"]]
  [1m[35m (0.2ms)[0m  COMMIT
Redirected to http://0.0.0.0:3000/restaurants
Completed 302 Found in 9ms (ActiveRecord: 2.6ms)


Started GET "/restaurants" for 127.0.0.1 at 2014-05-20 19:40:26 +0100
Processing by RestaurantsController#index as HTML
  [1m[36m (0.4ms)[0m  [1mSELECT COUNT(*) FROM "restaurants"[0m
  [1m[35mRestaurant Load (0.3ms)[0m  SELECT "restaurants".* FROM "restaurants"
  [1m[36m (0.3ms)[0m  [1mSELECT COUNT(*) FROM "reviews"  WHERE "reviews"."restaurant_id" = $1[0m  [["restaurant_id", 4]]
  [1m[35mReview Load (0.1ms)[0m  SELECT "reviews".* FROM "reviews"  WHERE "reviews"."restaurant_id" = $1  [["restaurant_id", 4]]
  Rendered restaurants/index.html.erb within layouts/application (3.9ms)
Completed 200 OK in 8ms (Views: 6.3ms | ActiveRecord: 1.1ms)


Started GET "/assets/restaurants.js?body=1" for 127.0.0.1 at 2014-05-20 19:40:26 +0100


Started GET "/assets/application.js?body=1" for 127.0.0.1 at 2014-05-20 19:40:26 +0100


Started GET "/assets/application.css?body=1" for 127.0.0.1 at 2014-05-20 19:40:26 +0100


Started GET "/assets/jquery.js?body=1" for 127.0.0.1 at 2014-05-20 19:40:26 +0100


Started GET "/assets/turbolinks.js?body=1" for 127.0.0.1 at 2014-05-20 19:40:26 +0100


Started GET "/assets/jquery_ujs.js?body=1" for 127.0.0.1 at 2014-05-20 19:40:26 +0100


Started GET "/restaurants" for 127.0.0.1 at 2014-05-20 19:41:15 +0100
Processing by RestaurantsController#index as HTML
  [1m[36m (0.2ms)[0m  [1mSELECT COUNT(*) FROM "restaurants"[0m
  [1m[35mRestaurant Load (0.2ms)[0m  SELECT "restaurants".* FROM "restaurants"
  [1m[36m (0.2ms)[0m  [1mSELECT COUNT(*) FROM "reviews"  WHERE "reviews"."restaurant_id" = $1[0m  [["restaurant_id", 4]]
  [1m[35mReview Load (0.2ms)[0m  SELECT "reviews".* FROM "reviews"  WHERE "reviews"."restaurant_id" = $1  [["restaurant_id", 4]]
  Rendered restaurants/index.html.erb within layouts/application (4.3ms)
Completed 200 OK in 8ms (Views: 7.0ms | ActiveRecord: 0.8ms)


Started GET "/assets/restaurants.css?body=1" for 127.0.0.1 at 2014-05-20 19:41:15 +0100


Started GET "/assets/application.css?body=1" for 127.0.0.1 at 2014-05-20 19:41:15 +0100


Started GET "/assets/jquery_ujs.js?body=1" for 127.0.0.1 at 2014-05-20 19:41:15 +0100


Started GET "/assets/turbolinks.js?body=1" for 127.0.0.1 at 2014-05-20 19:41:15 +0100


Started GET "/assets/application.js?body=1" for 127.0.0.1 at 2014-05-20 19:41:15 +0100


Started GET "/assets/restaurants.js?body=1" for 127.0.0.1 at 2014-05-20 19:41:15 +0100


Started GET "/assets/jquery.js?body=1" for 127.0.0.1 at 2014-05-20 19:41:15 +0100
